Logfile initialized
[INFO] logfile = C:\Users\Jordy\Desktop\Afvalkalender\build.log
[DEBUG] C:\Users\Jordy\AppData\Roaming\Titanium\mobilesdk\win32\1.7.2\android\builder.py simulator Afvalkalender C:\Program Files (x86)\Android\android-sdk C:\Users\Jordy\Desktop\Afvalkalender com.eindjaar 4 HVGA
[INFO] Building Afvalkalender for Android ... one moment
[INFO] Titanium SDK version: 1.7.2 (07/21/11 09:36 97c3689)
[DEBUG] Waiting for device to be ready ...
[TRACE] adb devices returned 1 devices/emulators
[TRACE] adb devices returned 1 devices/emulators
[TRACE] adb devices returned 1 devices/emulators
[DEBUG] Device connected... (waited 10 seconds)
[DEBUG] waited 10.045000 seconds on emulator to get ready
[INFO] Waiting for the Android Emulator to become available
[DEBUG] com.eindjaar installed? True
[INFO] Fastdev server running, deploying in Fastdev mode
[INFO] Copying project resources..
[INFO] Tiapp.xml unchanged, skipping class generation
[DEBUG] Processing Android resource drawables
[INFO] Waiting for SDCard to become available..
[INFO] Re-launching application ... Afvalkalender
[INFO] Launching application ... Afvalkalender
[TRACE] Launch output: Starting: Intent { act=android.intent.action.MAIN cat=[android.intent.category.LAUNCHER] cmp=com.eindjaar/.AfvalkalenderActivity }

